


ARM Macro Assembler    Page 1 


    1 00000000                 GLOBAL           Reset_Handler
    2 00000000                 IMPORT           user_code2
    3 00000000                 IMPORT           TOGGLE
    4 00000000                 IMPORT           TOGGLE_ALL
    5 00000000         
    6 00000000 00000010 
                       Mode_USR
                               EQU              0x10
    7 00000000 00000080 
                       I_Bit   EQU              0x80
    8 00000000 00000040 
                       F_Bit   EQU              0x40
    9 00000000         
   10 00000000 00000100 
                       USR_Stack_Size
                               EQU              0x00000100
   11 00000000 40000000 
                       SRAM    EQU              0x40000000
   12 00000000 40000100 
                       Stack_Top
                               EQU              SRAM+USR_Stack_Size
   13 00000000         
   14 00000000         ;MEMORY ACCEL0RATOR REGISTERS
   15 00000000 E01FC000 
                       MAMCR   EQU              0XE01FC000
   16 00000000 E01FC004 
                       MAMTIM  EQU              0xE01FC004
   17 00000000         
   18 00000000                 AREA             RESET,CODE,Readonly
   19 00000000                 ENTRY
   20 00000000                 ARM
   21 00000000         VECTORS
   22 00000000 E59FF018        LDR              PC,Reset_Addr
   23 00000004 E59FF018        LDR              PC,Undef_Addr
   24 00000008 E59FF018        LDR              PC,SWI_Addr
   25 0000000C E59FF018        LDR              PC,PAbt_Addr
   26 00000010 E59FF018        LDR              PC,DAbt_Addr
   27 00000014 E1A00000        NOP
   28 00000018 E59FF018        LDR              PC,IRQ_Addr
   29 0000001C E59FF018        LDR              PC,FIQ_Addr
   30 00000020         
   31 00000020         
   32 00000020 00000000 
                       Reset_Addr
                               DCD              Reset_Handler
   33 00000024 00000000 
                       Undef_Addr
                               DCD              UndefHandler
   34 00000028 00000000 
                       SWI_Addr
                               DCD              SWIHandler
   35 0000002C 00000000 
                       PAbt_Addr
                               DCD              PAbtHandler
   36 00000030 00000000 
                       DAbt_Addr
                               DCD              DAbtHandler
   37 00000034 00000000        DCD              0
   38 00000038 00000000 



ARM Macro Assembler    Page 2 


                       IRQ_Addr
                               DCD              IRQHandler
   39 0000003C 00000000 
                       FIQ_Addr
                               DCD              FIQHandler
   40 00000040         
   41 00000040 EAFFFFFE 
                       SWIHandler
                               B                SWIHandler
   42 00000044 EAFFFFFE 
                       PAbtHandler
                               B                PAbtHandler
   43 00000048 EAFFFFFE 
                       DAbtHandler
                               B                DAbtHandler
   44 0000004C EAFFFFFE 
                       IRQHandler
                               B                IRQHandler
   45 00000050 EAFFFFFE 
                       FIQHandler
                               B                FIQHandler
   46 00000054 EAFFFFFE 
                       UndefHandler
                               B                UndefHandler
   47 00000058         
   48 00000058         Reset_Handler
   49 00000058         ;INITIALIZE MAM
   50 00000058 E59F1030        LDR              r1,=MAMCR
   51 0000005C E3A00000        MOV              r0,#0X0
   52 00000060 E5810000        STR              r0,[r1]     ;TURN OFF MAM
   53 00000064 E59F2028        LDR              r2,=MAMTIM
   54 00000068 E3A00001        MOV              r0,#0x1
   55 0000006C E5820000        STR              r0,[r2]     ;SET MAM FETCH TO O
                                                            NE CLOCK CYCLE 
   56 00000070 E3A00002        MOV              r0,#0x2
   57 00000074 E5810000        STR              r0,[r1]     ;FULLY ENABLE MAM
   58 00000078         
   59 00000078         ;Enter User Mode with interrupts enabled
   60 00000078 E3A0E010        MOV              r14,#Mode_USR
   61 0000007C E3CEE0C0        BIC              r14,r14,#(0xC0)
   62 00000080 E121F00E        MSR              cpsr_c,r14
   63 00000084         ;initialize the stack, full descending 
   64 00000084 E59FD00C        LDR              SP,=Stack_Top
   65 00000088         ;load start address of user code into PC
   66 00000088 E59FF00C        LDR              pc,=user_code2
   67 0000008C EAFFFFFE        B                user_code2
   68 00000090                 END
              E01FC000 
              E01FC004 
              40000100 
              00000000 
Command Line: --debug --xref --apcs=interwork --depend=.\startup.d -o.\startup.
o -IC:\Keil\ARM\RV31\INC -IC:\Keil\ARM\CMSIS\Include -IC:\Keil\ARM\Inc\Philips 
--predefine="__EVAL SETA 1" --list=.\startup.lst Startup.s



ARM Macro Assembler    Page 1 Alphabetic symbol ordering
Relocatable symbols

DAbtHandler 00000048

Symbol: DAbtHandler
   Definitions
      At line 43 in file Startup.s
   Uses
      At line 36 in file Startup.s
      At line 43 in file Startup.s

DAbt_Addr 00000030

Symbol: DAbt_Addr
   Definitions
      At line 36 in file Startup.s
   Uses
      At line 26 in file Startup.s
Comment: DAbt_Addr used once
FIQHandler 00000050

Symbol: FIQHandler
   Definitions
      At line 45 in file Startup.s
   Uses
      At line 39 in file Startup.s
      At line 45 in file Startup.s

FIQ_Addr 0000003C

Symbol: FIQ_Addr
   Definitions
      At line 39 in file Startup.s
   Uses
      At line 29 in file Startup.s
Comment: FIQ_Addr used once
IRQHandler 0000004C

Symbol: IRQHandler
   Definitions
      At line 44 in file Startup.s
   Uses
      At line 38 in file Startup.s
      At line 44 in file Startup.s

IRQ_Addr 00000038

Symbol: IRQ_Addr
   Definitions
      At line 38 in file Startup.s
   Uses
      At line 28 in file Startup.s
Comment: IRQ_Addr used once
PAbtHandler 00000044

Symbol: PAbtHandler
   Definitions
      At line 42 in file Startup.s
   Uses
      At line 35 in file Startup.s
      At line 42 in file Startup.s



ARM Macro Assembler    Page 2 Alphabetic symbol ordering
Relocatable symbols


PAbt_Addr 0000002C

Symbol: PAbt_Addr
   Definitions
      At line 35 in file Startup.s
   Uses
      At line 25 in file Startup.s
Comment: PAbt_Addr used once
RESET 00000000

Symbol: RESET
   Definitions
      At line 18 in file Startup.s
   Uses
      None
Comment: RESET unused
Reset_Addr 00000020

Symbol: Reset_Addr
   Definitions
      At line 32 in file Startup.s
   Uses
      At line 22 in file Startup.s
Comment: Reset_Addr used once
Reset_Handler 00000058

Symbol: Reset_Handler
   Definitions
      At line 48 in file Startup.s
   Uses
      At line 1 in file Startup.s
      At line 32 in file Startup.s

SWIHandler 00000040

Symbol: SWIHandler
   Definitions
      At line 41 in file Startup.s
   Uses
      At line 34 in file Startup.s
      At line 41 in file Startup.s

SWI_Addr 00000028

Symbol: SWI_Addr
   Definitions
      At line 34 in file Startup.s
   Uses
      At line 24 in file Startup.s
Comment: SWI_Addr used once
UndefHandler 00000054

Symbol: UndefHandler
   Definitions
      At line 46 in file Startup.s
   Uses
      At line 33 in file Startup.s
      At line 46 in file Startup.s



ARM Macro Assembler    Page 3 Alphabetic symbol ordering
Relocatable symbols


Undef_Addr 00000024

Symbol: Undef_Addr
   Definitions
      At line 33 in file Startup.s
   Uses
      At line 23 in file Startup.s
Comment: Undef_Addr used once
VECTORS 00000000

Symbol: VECTORS
   Definitions
      At line 21 in file Startup.s
   Uses
      None
Comment: VECTORS unused
16 symbols



ARM Macro Assembler    Page 1 Alphabetic symbol ordering
Absolute symbols

F_Bit 00000040

Symbol: F_Bit
   Definitions
      At line 8 in file Startup.s
   Uses
      None
Comment: F_Bit unused
I_Bit 00000080

Symbol: I_Bit
   Definitions
      At line 7 in file Startup.s
   Uses
      None
Comment: I_Bit unused
MAMCR E01FC000

Symbol: MAMCR
   Definitions
      At line 15 in file Startup.s
   Uses
      At line 50 in file Startup.s
Comment: MAMCR used once
MAMTIM E01FC004

Symbol: MAMTIM
   Definitions
      At line 16 in file Startup.s
   Uses
      At line 53 in file Startup.s
Comment: MAMTIM used once
Mode_USR 00000010

Symbol: Mode_USR
   Definitions
      At line 6 in file Startup.s
   Uses
      At line 60 in file Startup.s
Comment: Mode_USR used once
SRAM 40000000

Symbol: SRAM
   Definitions
      At line 11 in file Startup.s
   Uses
      At line 12 in file Startup.s
Comment: SRAM used once
Stack_Top 40000100

Symbol: Stack_Top
   Definitions
      At line 12 in file Startup.s
   Uses
      At line 64 in file Startup.s
Comment: Stack_Top used once
USR_Stack_Size 00000100

Symbol: USR_Stack_Size



ARM Macro Assembler    Page 2 Alphabetic symbol ordering
Absolute symbols

   Definitions
      At line 10 in file Startup.s
   Uses
      At line 12 in file Startup.s
Comment: USR_Stack_Size used once
8 symbols



ARM Macro Assembler    Page 1 Alphabetic symbol ordering
External symbols

TOGGLE 00000000

Symbol: TOGGLE
   Definitions
      At line 3 in file Startup.s
   Uses
      None
Comment: TOGGLE unused
TOGGLE_ALL 00000000

Symbol: TOGGLE_ALL
   Definitions
      At line 4 in file Startup.s
   Uses
      None
Comment: TOGGLE_ALL unused
user_code2 00000000

Symbol: user_code2
   Definitions
      At line 2 in file Startup.s
   Uses
      At line 66 in file Startup.s
      At line 67 in file Startup.s

3 symbols
360 symbols in table
