


ARM Macro Assembler    Page 1 


    1 00000000                 GLOBAL           user_code2
    2 00000000                 IMPORT           Reset_Handler
    3 00000000                 IMPORT           DELAY
    4 00000000                 IMPORT           delay_C
    5 00000000 E002C000 
                       PINSEL0 EQU              0XE002C000
    6 00000000 E0028008 
                       IO0DIR  EQU              0XE0028008
    7 00000000 E0028000 
                       IO0PIN  EQU              0XE0028000
    8 00000000 E0028004 
                       IO0SET  EQU              0XE0028004
    9 00000000 E002800C 
                       IO0CLR  EQU              0XE002800C
   10 00000000 000493E0 
                       DELAY_LED
                               EQU              300000
   11 00000000                 AREA             myCODE,CODE,READONLY
   12 00000000         
   13 00000000         user_code2
   14 00000000         ;TASK1 AND TASK2
   15 00000000 E59F4058        LDR              r4,=PINSEL0
   16 00000004 E59F5058        LDR              r5,=IO0DIR
   17 00000008 E59F6058        LDR              r6,=IO0SET
   18 0000000C E59F7058        LDR              r7,=IO0CLR
   19 00000010         
   20 00000010 E59F8058        LDR              r8,=0xFFFF
   21 00000014 E5949000        LDR              r9,[r4]     ;PINSEL0
   22 00000018 E0099008        AND              r9,r9,r8
   23 0000001C E5849000        STR              r9,[r4]
   24 00000020         
   25 00000020 E3A08CFF        LDR              r8,=0xFF00
   26 00000024 E5959000        LDR              r9,[r5]     ;IO0DIR
   27 00000028 E1899008        ORR              r9,r9,r8
   28 0000002C E5859000        STR              r9,[r5]
   29 00000030         
   30 00000030 E5868000        STR              r8,[r6]     ;TURN LEDs OFF
   31 00000034 E3A08C01 
                       LOOP1   LDR              r8,=0x100   ;bit to be clearned
                                                             and LED on
   32 00000038 E3A09008        MOV              r9,#0x8     ;amount of iteratio
                                                            ns
   33 0000003C E59F0030 
                       RUN_LEDS
                               LDR              r0,=DELAY_LED
   34 00000040 E5878000        STR              r8,[r7]     ;TURN ON LED
   35 00000044         ;PRESERVE8
   36 00000044         ;BL delay.c
   37 00000044         ;these two lines can replace BL DELAY
   38 00000044 EBFFFFFE        BL               DELAY       ;BRACH LINK TO SUBR
                                                            OUTINE
   39 00000048 E5868000        STR              r8,[r6]     ;TURN OFF LED
   40 0000004C E1A08088        LSL              r8,r8,#0x1  ;CHANGE VALUE TO AF
                                                            FECT NEXT BIT AND L
                                                            ED
   41 00000050 E2599001        SUBS             r9,r9,#0x1
   42 00000054 1AFFFFF8        BNE              RUN_LEDS    ;LOOP ITERATION
   43 00000058 EAFFFFF5        B                LOOP1       ;
   44 0000005C EAFFFFFE 



ARM Macro Assembler    Page 2 


                       STOP    B                STOP
   45 00000060                 END
              E002C000 
              E0028008 
              E0028004 
              E002800C 
              0000FFFF 
              000493E0 
Command Line: --debug --xref --apcs=interwork --depend=.\taskoneandtwo.d -o.\ta
skoneandtwo.o -IC:\Keil\ARM\RV31\INC -IC:\Keil\ARM\CMSIS\Include -IC:\Keil\ARM\
Inc\Philips --predefine="__EVAL SETA 1" --list=.\taskoneandtwo.lst TaskOneAndTw
o.s



ARM Macro Assembler    Page 1 Alphabetic symbol ordering
Relocatable symbols

LOOP1 00000034

Symbol: LOOP1
   Definitions
      At line 31 in file TaskOneAndTwo.s
   Uses
      At line 43 in file TaskOneAndTwo.s
Comment: LOOP1 used once
RUN_LEDS 0000003C

Symbol: RUN_LEDS
   Definitions
      At line 33 in file TaskOneAndTwo.s
   Uses
      At line 42 in file TaskOneAndTwo.s
Comment: RUN_LEDS used once
STOP 0000005C

Symbol: STOP
   Definitions
      At line 44 in file TaskOneAndTwo.s
   Uses
      At line 44 in file TaskOneAndTwo.s
Comment: STOP used once
myCODE 00000000

Symbol: myCODE
   Definitions
      At line 11 in file TaskOneAndTwo.s
   Uses
      None
Comment: myCODE unused
user_code2 00000000

Symbol: user_code2
   Definitions
      At line 13 in file TaskOneAndTwo.s
   Uses
      At line 1 in file TaskOneAndTwo.s
Comment: user_code2 used once
5 symbols



ARM Macro Assembler    Page 1 Alphabetic symbol ordering
Absolute symbols

DELAY_LED 000493E0

Symbol: DELAY_LED
   Definitions
      At line 10 in file TaskOneAndTwo.s
   Uses
      At line 33 in file TaskOneAndTwo.s
Comment: DELAY_LED used once
IO0CLR E002800C

Symbol: IO0CLR
   Definitions
      At line 9 in file TaskOneAndTwo.s
   Uses
      At line 18 in file TaskOneAndTwo.s
Comment: IO0CLR used once
IO0DIR E0028008

Symbol: IO0DIR
   Definitions
      At line 6 in file TaskOneAndTwo.s
   Uses
      At line 16 in file TaskOneAndTwo.s
Comment: IO0DIR used once
IO0PIN E0028000

Symbol: IO0PIN
   Definitions
      At line 7 in file TaskOneAndTwo.s
   Uses
      None
Comment: IO0PIN unused
IO0SET E0028004

Symbol: IO0SET
   Definitions
      At line 8 in file TaskOneAndTwo.s
   Uses
      At line 17 in file TaskOneAndTwo.s
Comment: IO0SET used once
PINSEL0 E002C000

Symbol: PINSEL0
   Definitions
      At line 5 in file TaskOneAndTwo.s
   Uses
      At line 15 in file TaskOneAndTwo.s
Comment: PINSEL0 used once
6 symbols



ARM Macro Assembler    Page 1 Alphabetic symbol ordering
External symbols

DELAY 00000000

Symbol: DELAY
   Definitions
      At line 3 in file TaskOneAndTwo.s
   Uses
      At line 38 in file TaskOneAndTwo.s
Comment: DELAY used once
Reset_Handler 00000000

Symbol: Reset_Handler
   Definitions
      At line 2 in file TaskOneAndTwo.s
   Uses
      None
Comment: Reset_Handler unused
delay_C 00000000

Symbol: delay_C
   Definitions
      At line 4 in file TaskOneAndTwo.s
   Uses
      None
Comment: delay_C unused
3 symbols
347 symbols in table
