


ARM Macro Assembler    Page 1 


    1 00000000         ;TASK4 (toggle_all.s)
    2 00000000                 GLOBAL           TOGGLE_ALL
    3 00000000                 IMPORT           delay_C
    4 00000000                 IMPORT           Reset_Handler
    5 00000000                 IMPORT           DELAY
    6 00000000         
    7 00000000 E002C000 
                       PINSEL0 EQU              0XE002C000
    8 00000000 E0028008 
                       IO0DIR  EQU              0XE0028008
    9 00000000 E0028000 
                       IO0PIN  EQU              0XE0028000
   10 00000000 00030D40 
                       DELAY_SWITCH
                               EQU              200000
   11 00000000                 AREA             myCODE,CODE,READONLY
   12 00000000         TOGGLE_ALL
   13 00000000 E59F40B8        LDR              r4,=PINSEL0 ;GPIO
   14 00000004 E59F60B8        LDR              r6,=0xFFFF
   15 00000008 E5945000        LDR              r5,[r4]     ;PINSEL0
   16 0000000C E0055006        AND              r5,r5,r6    ;modify bits 8-15
   17 00000010 E5845000        STR              r5,[r4]
   18 00000014         
   19 00000014 E59F40AC        LDR              r4,=IO0DIR  ;I/O
   20 00000018 E5945000        LDR              r5,[r4]
   21 0000001C E3855CFF        ORR              r5,r5,#0xFF00 ;modify bits 8-15
                                                             to be output
   22 00000020 E5845000        STR              r5,[r4]
   23 00000024         
   24 00000024 E59F50A0        LDR              r5,=IO0PIN  ;EXECUTE
   25 00000028 E5956000        LDR              r6,[r5]
   26 0000002C E3866CFF        ORR              r6,r6,#0xFF00 ;sends 1 to pins 
                                                            8-15 to turn off
   27 00000030 E5856000        STR              r6,[r5]
   28 00000034         
   29 00000034         PUSHCHECK                            ;check if pin 14 is
                                                             pushed
   30 00000034 E5947000        LDR              r7,[r4]     ;IO0DIR contents
   31 00000038 E3C77901        BIC              r7,r7,#0x4000 ;MODIFIES BIT 14 
                                                            AS INPUT
   32 0000003C E5847000        STR              r7,[r4]
   33 00000040 E5956000        LDR              r6,[r5]     ;READS CONTENTS OF 
                                                            IO0PIN
   34 00000044 E2068901        AND              r8,r6,#0x4000 ;READS 14 BIT IN 
                                                            ADDRESS
   35 00000048 E3580901        CMP              r8,#0x4000  ;CHECKS FOR PIN , 1
                                                             OFF, 0 ON
   36 0000004C E5947000        LDR              r7,[r4]     ;READ CONTENTS IN I
                                                            O0DIR
   37 00000050 E3877901        ORR              r7,r7,#0x4000 ;MODIFY BIT 14 AS
                                                             OUTPUT
   38 00000054 E5847000        STR              r7,[r4]
   39 00000058 0AFFFFF5        BEQ              PUSHCHECK
   40 0000005C E59F006C        LDR              r0,=DELAY_SWITCH
   41 00000060 EBFFFFFE 
                       STOP1   BL               delay_C     ;prevent bouncing
   42 00000064 E5947000 
                       PUSHRELEASE
                               LDR              r7,[r4]



ARM Macro Assembler    Page 2 


   43 00000068 E3C77901        BIC              r7,r7,#0x4000 ;MODIFIES BIT 14 
                                                            AS INPUT
   44 0000006C E5847000        STR              r7,[r4]
   45 00000070 E5956000        LDR              r6,[r5]     ;READS CONTENT IN I
                                                            O0PIN
   46 00000074 E2068901        AND              r8,r6,#0x4000 ;READS 14TH BIT A
                                                            DDRESS
   47 00000078 E3580901        CMP              r8,#0x4000  ;CHECK PIN 14 , 1 O
                                                            FF, 0 ON
   48 0000007C E5947000        LDR              r7,[r4]
   49 00000080 E3877901        ORR              r7,r7,#0x4000 ;MODIFY PIN 14 TO
                                                             BE OUTPUT
   50 00000084 E5847000        STR              r7,[r4]
   51 00000088 1AFFFFF5        BNE              PUSHRELEASE ;WAITS UNTIL BUTTON
                                                             RELEASED
   52 0000008C E59F003C        LDR              r0,=DELAY_SWITCH
   53 00000090 EBFFFFFE 
                       STOP2   BL               DELAY       ;prevent bouncing
   54 00000094 E5956000        LDR              r6,[r5]     ;LOOKS AT PINS 8-15
                                                            
   55 00000098 E2068CFF        AND              r8,r6,#0xFF00
   56 0000009C E3580CFF        CMP              r8,#0xFF00  ;CHECKS IF LOGIC 1 
                                                            SENT TO PINS 8-15 I
                                                            .E. LEDs OFF
   57 000000A0 1A000002 
                       STOP3   BNE              TURNOFF
   58 000000A4 E3C66CFF        BIC              r6,r6,#0xFF00 ;USES BIC TO MODI
                                                            FY SO CERTAIN BITS 
                                                            BECOME ZERO WHILE O
                                                            THER REMAIN THE SAM
                                                            E
   59 000000A8 E5856000        STR              r6,[r5]
   60 000000AC EAFFFFE0        B                PUSHCHECK
   61 000000B0         
   62 000000B0         TURNOFF
   63 000000B0 E3866CFF        ORR              r6,r6,#0xFF00 ;USE ORR SO CERTA
                                                            IN BITS BECOME 1
   64 000000B4 E5856000        STR              r6,[r5]
   65 000000B8 EAFFFFDD        B                PUSHCHECK
   66 000000BC         
   67 000000BC EAFFFFFE 
                       STOP    B                STOP
   68 000000C0                 END
              E002C000 
              0000FFFF 
              E0028008 
              E0028000 
              00030D40 
Command Line: --debug --xref --apcs=interwork --depend=.\toggle_all.d -o.\toggl
e_all.o -IC:\Keil\ARM\RV31\INC -IC:\Keil\ARM\CMSIS\Include -IC:\Keil\ARM\Inc\Ph
ilips --predefine="__EVAL SETA 1" --list=.\toggle_all.lst toggle_all.s



ARM Macro Assembler    Page 1 Alphabetic symbol ordering
Relocatable symbols

PUSHCHECK 00000034

Symbol: PUSHCHECK
   Definitions
      At line 29 in file toggle_all.s
   Uses
      At line 39 in file toggle_all.s
      At line 60 in file toggle_all.s
      At line 65 in file toggle_all.s

PUSHRELEASE 00000064

Symbol: PUSHRELEASE
   Definitions
      At line 42 in file toggle_all.s
   Uses
      At line 51 in file toggle_all.s
Comment: PUSHRELEASE used once
STOP 000000BC

Symbol: STOP
   Definitions
      At line 67 in file toggle_all.s
   Uses
      At line 67 in file toggle_all.s
Comment: STOP used once
STOP1 00000060

Symbol: STOP1
   Definitions
      At line 41 in file toggle_all.s
   Uses
      None
Comment: STOP1 unused
STOP2 00000090

Symbol: STOP2
   Definitions
      At line 53 in file toggle_all.s
   Uses
      None
Comment: STOP2 unused
STOP3 000000A0

Symbol: STOP3
   Definitions
      At line 57 in file toggle_all.s
   Uses
      None
Comment: STOP3 unused
TOGGLE_ALL 00000000

Symbol: TOGGLE_ALL
   Definitions
      At line 12 in file toggle_all.s
   Uses
      At line 2 in file toggle_all.s
Comment: TOGGLE_ALL used once
TURNOFF 000000B0



ARM Macro Assembler    Page 2 Alphabetic symbol ordering
Relocatable symbols


Symbol: TURNOFF
   Definitions
      At line 62 in file toggle_all.s
   Uses
      At line 57 in file toggle_all.s
Comment: TURNOFF used once
myCODE 00000000

Symbol: myCODE
   Definitions
      At line 11 in file toggle_all.s
   Uses
      None
Comment: myCODE unused
9 symbols



ARM Macro Assembler    Page 1 Alphabetic symbol ordering
Absolute symbols

DELAY_SWITCH 00030D40

Symbol: DELAY_SWITCH
   Definitions
      At line 10 in file toggle_all.s
   Uses
      At line 40 in file toggle_all.s
      At line 52 in file toggle_all.s

IO0DIR E0028008

Symbol: IO0DIR
   Definitions
      At line 8 in file toggle_all.s
   Uses
      At line 19 in file toggle_all.s
Comment: IO0DIR used once
IO0PIN E0028000

Symbol: IO0PIN
   Definitions
      At line 9 in file toggle_all.s
   Uses
      At line 24 in file toggle_all.s
Comment: IO0PIN used once
PINSEL0 E002C000

Symbol: PINSEL0
   Definitions
      At line 7 in file toggle_all.s
   Uses
      At line 13 in file toggle_all.s
Comment: PINSEL0 used once
4 symbols



ARM Macro Assembler    Page 1 Alphabetic symbol ordering
External symbols

DELAY 00000000

Symbol: DELAY
   Definitions
      At line 5 in file toggle_all.s
   Uses
      At line 53 in file toggle_all.s
Comment: DELAY used once
Reset_Handler 00000000

Symbol: Reset_Handler
   Definitions
      At line 4 in file toggle_all.s
   Uses
      None
Comment: Reset_Handler unused
delay_C 00000000

Symbol: delay_C
   Definitions
      At line 3 in file toggle_all.s
   Uses
      At line 41 in file toggle_all.s
Comment: delay_C used once
3 symbols
349 symbols in table
