


ARM Macro Assembler    Page 1 


    1 00000000         ;TOGGLE FILE (TOGGLE.S)
    2 00000000         ;TASK3
    3 00000000                 GLOBAL           TOGGLE
    4 00000000                 IMPORT           Reset_Handler
    5 00000000                 IMPORT           DELAY
    6 00000000 E002C000 
                       PINSEL0 EQU              0XE002C000
    7 00000000 E0028008 
                       IO0DIR  EQU              0XE0028008
    8 00000000 E0028000 
                       IO0PIN  EQU              0XE0028000
    9 00000000 00030D40 
                       DELAY_SWITCH
                               EQU              200000
   10 00000000                 AREA             myCODE,CODE,READONLY
   11 00000000         
   12 00000000         TOGGLE
   13 00000000 E59F408C        LDR              r4,=PINSEL0
   14 00000004 E5945000        LDR              r5, [r4]    ;Read
   15 00000008 E3C55203        BIC              r5,r5,#0x30000000 ;MODIFY BITS 
                                                            28-29 FOR PIN 14
   16 0000000C E3C550FF        BIC              r5,r5,#0x00FF ;MODIFY BITS 16-2
                                                            3 FOR PINS 8-11
   17 00000010 E5845000        STR              r5,[r4]     ;Write
   18 00000014         
   19 00000014 E59F407C        LDR              r4,=IO0DIR
   20 00000018 E5945000        LDR              r5, [r4]    ;Read
   21 0000001C E3C55901        BIC              r5,r5,#0x4000 ;MODIFY BIT 14, M
                                                            AKE INPUT
   22 00000020 E3855C0F        ORR              r5,r5,#0xF00 ;MODIFY PINS 8-11 
                                                            TO BE OUTPUTS
   23 00000024 E5845000        STR              r5,[r4]     ;Write]
   24 00000028         
   25 00000028 E3A07C0F        LDR              r7,=0xF00   ;affect LEDs 8-11 o
                                                            nly
   26 0000002C E59F4068        LDR              r4,=IO0PIN
   27 00000030 E5945000        LDR              r5, [r4]    ;Read
   28 00000034 E1855007        ORR              r5,r5,r7    ;INITIAL TURN OFF
   29 00000038 E5845000        STR              r5,[r4]     ;Write
   30 0000003C         
   31 0000003C         PUSHCHECK                            ;check if pin 14 is
                                                             pushed
   32 0000003C E5945000        LDR              r5,[r4]     ;IO0PIN contents
   33 00000040 E2056901        AND              r6,r5,#0x4000 ;READS 14 BIT IN 
                                                            ADDRESS
   34 00000044 E3560901        CMP              r6,#0x4000  ;check pin 14
   35 00000048 0AFFFFFB        BEQ              PUSHCHECK
   36 0000004C E59F004C        LDR              r0,=DELAY_SWITCH
   37 00000050 EBFFFFFE        BL               DELAY       ;prevent bouncing
   38 00000054         
   39 00000054         PUSHRELEASE
   40 00000054 E5945000        LDR              r5,[r4]     ;IO0PIN contents
   41 00000058 E2056901        AND              r6,r5,#0x4000 ;READS 14 BIT IN 
                                                            ADDRESS
   42 0000005C E3560901        CMP              r6,#0x4000  ;check pin 14; 1-Of
                                                            f 0-On
   43 00000060 1AFFFFFB        BNE              PUSHRELEASE
   44 00000064 E59F0034        LDR              r0,=DELAY_SWITCH
   45 00000068 EBFFFFFE        BL               DELAY       ;prevent bouncing



ARM Macro Assembler    Page 2 


   46 0000006C E2056C0F        AND              r6,r5,#0xF00 ;reads pins 8-11 o
                                                            nly
   47 00000070 E3560C0F        CMP              r6,#0xF00   ;check if off
   48 00000074 1A000002        BNE              TURNOFF
   49 00000078 E3C56C0F        BIC              r6,r5,#0xF00 ;certain bits stay
                                                             zero while rest re
                                                            main the same
   50 0000007C E5846000        STR              r6,[r4]
   51 00000080 EAFFFFED        B                PUSHCHECK
   52 00000084         
   53 00000084 E3856C0F 
                       TURNOFF ORR              r6,r5,#0XF00 ;when on, turn off
                                                            
   54 00000088 E5846000        STR              r6,[r4]
   55 0000008C EAFFFFEA        B                PUSHCHECK
   56 00000090 EAFFFFFE 
                       STOP    B                STOP
   57 00000094                 END
              E002C000 
              E0028008 
              E0028000 
              00030D40 
Command Line: --debug --xref --apcs=interwork --depend=.\toggle.d -o.\toggle.o 
-IC:\Keil\ARM\RV31\INC -IC:\Keil\ARM\CMSIS\Include -IC:\Keil\ARM\Inc\Philips --
predefine="__EVAL SETA 1" --list=.\toggle.lst toggle.s



ARM Macro Assembler    Page 1 Alphabetic symbol ordering
Relocatable symbols

PUSHCHECK 0000003C

Symbol: PUSHCHECK
   Definitions
      At line 31 in file toggle.s
   Uses
      At line 35 in file toggle.s
      At line 51 in file toggle.s
      At line 55 in file toggle.s

PUSHRELEASE 00000054

Symbol: PUSHRELEASE
   Definitions
      At line 39 in file toggle.s
   Uses
      At line 43 in file toggle.s
Comment: PUSHRELEASE used once
STOP 00000090

Symbol: STOP
   Definitions
      At line 56 in file toggle.s
   Uses
      At line 56 in file toggle.s
Comment: STOP used once
TOGGLE 00000000

Symbol: TOGGLE
   Definitions
      At line 12 in file toggle.s
   Uses
      At line 3 in file toggle.s
Comment: TOGGLE used once
TURNOFF 00000084

Symbol: TURNOFF
   Definitions
      At line 53 in file toggle.s
   Uses
      At line 48 in file toggle.s
Comment: TURNOFF used once
myCODE 00000000

Symbol: myCODE
   Definitions
      At line 10 in file toggle.s
   Uses
      None
Comment: myCODE unused
6 symbols



ARM Macro Assembler    Page 1 Alphabetic symbol ordering
Absolute symbols

DELAY_SWITCH 00030D40

Symbol: DELAY_SWITCH
   Definitions
      At line 9 in file toggle.s
   Uses
      At line 36 in file toggle.s
      At line 44 in file toggle.s

IO0DIR E0028008

Symbol: IO0DIR
   Definitions
      At line 7 in file toggle.s
   Uses
      At line 19 in file toggle.s
Comment: IO0DIR used once
IO0PIN E0028000

Symbol: IO0PIN
   Definitions
      At line 8 in file toggle.s
   Uses
      At line 26 in file toggle.s
Comment: IO0PIN used once
PINSEL0 E002C000

Symbol: PINSEL0
   Definitions
      At line 6 in file toggle.s
   Uses
      At line 13 in file toggle.s
Comment: PINSEL0 used once
4 symbols



ARM Macro Assembler    Page 1 Alphabetic symbol ordering
External symbols

DELAY 00000000

Symbol: DELAY
   Definitions
      At line 5 in file toggle.s
   Uses
      At line 37 in file toggle.s
      At line 45 in file toggle.s

Reset_Handler 00000000

Symbol: Reset_Handler
   Definitions
      At line 4 in file toggle.s
   Uses
      None
Comment: Reset_Handler unused
2 symbols
345 symbols in table
